\BOOKMARK [1][-]{section*.2}{\376\377\000A\000b\000s\000t\000r\000a\000c\000t}{}% 1
\BOOKMARK [1][-]{section.1}{\376\377\000M\000o\000t\000i\000v\000a\000t\000i\000o\000n}{}% 2
\BOOKMARK [1][-]{section.2}{\376\377\000R\000e\000l\000a\000t\000e\000d\000\040\000W\000o\000r\000k}{}% 3
\BOOKMARK [1][-]{section.3}{\376\377\000B\000a\000c\000k\000g\000r\000o\000u\000n\000d}{}% 4
\BOOKMARK [1][-]{section.4}{\376\377\000A\000r\000c\000h\000i\000t\000e\000c\000t\000u\000r\000e}{}% 5
\BOOKMARK [2][-]{subsection.4.1}{\376\377\000A\000c\000t\000i\000v\000i\000t\000y\000\040\000f\000o\000r\000\040\000m\000a\000n\000a\000g\000i\000n\000g\000\040\000A\000c\000c\000o\000u\000n\000t\000s}{section.4}% 6
\BOOKMARK [2][-]{subsection.4.2}{\376\377\000A\000c\000t\000i\000v\000i\000t\000y\000\040\000f\000o\000r\000\040\000B\000l\000u\000e\000t\000o\000o\000t\000h\000\040\000C\000o\000n\000n\000e\000c\000t\000i\000o\000n}{section.4}% 7
\BOOKMARK [2][-]{subsection.4.3}{\376\377\000S\000t\000o\000r\000a\000g\000e\000\040\000u\000s\000i\000n\000g\000\040\000g\000r\000e\000e\000n\000D\000a\000o\000\040\000O\000R\000M}{section.4}% 8
\BOOKMARK [2][-]{subsection.4.4}{\376\377\000E\000n\000c\000r\000y\000p\000t\000i\000o\000n\000\040\000o\000f\000\040\000D\000a\000t\000a}{section.4}% 9
\BOOKMARK [2][-]{subsection.4.5}{\376\377\000S\000e\000c\000u\000r\000e\000\040\000S\000t\000o\000r\000a\000g\000e\000\040\000o\000f\000\040\000S\000e\000c\000r\000e\000t\000\040\000K\000e\000y}{section.4}% 10
\BOOKMARK [2][-]{subsection.4.6}{\376\377\000A\000u\000t\000h\000e\000n\000t\000i\000c\000a\000t\000i\000o\000n\000\040\000t\000h\000r\000o\000u\000g\000h\000\040\000B\000i\000o\000m\000e\000t\000r\000i\000c\000s}{section.4}% 11
\BOOKMARK [2][-]{subsection.4.7}{\376\377\000C\000h\000r\000o\000m\000e\000\040\000E\000x\000t\000e\000n\000s\000i\000o\000n\000\040\000w\000i\000t\000h\000\040\000t\000h\000e\000\040\000W\000e\000b\000\040\000B\000l\000u\000e\000t\000o\000o\000t\000h\000\040\000A\000P\000I}{section.4}% 12
\BOOKMARK [1][-]{section.5}{\376\377\000S\000e\000c\000u\000r\000i\000t\000y\000\040\000E\000v\000a\000l\000u\000a\000t\000i\000o\000n\000\040\000l\000e\000a\000n\000e\000d\000\040\000o\000n\000\040\000C\000o\000m\000m\000o\000n\000\040\000C\000r\000i\000t\000e\000r\000i\000a}{}% 13
\BOOKMARK [1][-]{section.6}{\376\377\000B\000l\000u\000e\000t\000o\000o\000t\000h\000\040\000a\000n\000d\000\040\000i\000t\000'\000s\000\040\000S\000e\000c\000u\000r\000i\000t\000y}{}% 14
\BOOKMARK [1][-]{section.7}{\376\377\000L\000i\000m\000i\000t\000a\000t\000i\000o\000n\000s\000\040\000o\000f\000\040\000P\000r\000o\000j\000e\000c\000t}{}% 15
\BOOKMARK [2][-]{subsection.7.1}{\376\377\000B\000l\000u\000e\000t\000o\000o\000t\000h\000\040\000L\000E\000\040\000i\000n\000s\000t\000e\000a\000d\000\040\000o\000f\000\040\000B\000l\000u\000e\000t\000o\000o\000t\000h\000\040\000C\000l\000a\000s\000s\000i\000c}{section.7}% 16
\BOOKMARK [2][-]{subsection.7.2}{\376\377\000S\000e\000c\000u\000r\000i\000t\000y\000\040\000d\000e\000c\000r\000e\000a\000s\000e\000s\000\040\000w\000i\000t\000h\000\040\000r\000o\000o\000t\000\040\000p\000r\000i\000v\000i\000l\000e\000g\000e}{section.7}% 17
\BOOKMARK [1][-]{section.8}{\376\377\000F\000u\000t\000u\000r\000e\000\040\000W\000o\000r\000k}{}% 18
\BOOKMARK [2][-]{subsection.8.1}{\376\377\000B\000l\000u\000e\000t\000o\000o\000t\000h\000\040\000C\000l\000a\000s\000s\000i\000c\000\040\000i\000n\000s\000t\000e\000a\000d\000\040\000o\000f\000\040\000B\000l\000u\000e\000t\000o\000o\000t\000h\000\040\000L\000o\000w\000\040\000E\000n\000e\000r\000g\000y}{section.8}% 19
\BOOKMARK [2][-]{subsection.8.2}{\376\377\000E\000n\000c\000r\000y\000p\000t\000i\000o\000n\000\040\000o\000f\000\040\000B\000L\000E\000\040\000c\000o\000n\000n\000e\000c\000t\000i\000o\000n}{section.8}% 20
\BOOKMARK [2][-]{subsection.8.3}{\376\377\000E\000n\000c\000r\000y\000p\000t\000i\000o\000n\000\040\000o\000f\000\040\000d\000a\000t\000a\000b\000a\000s\000e\000\040\000t\000a\000b\000l\000e\000s}{section.8}% 21
\BOOKMARK [2][-]{subsection.8.4}{\376\377\000I\000m\000p\000l\000e\000m\000e\000n\000t\000a\000t\000i\000o\000n\000\040\000o\000f\000\040\000p\000a\000s\000s\000w\000o\000r\000d\000\040\000g\000e\000n\000e\000r\000a\000t\000o\000r}{section.8}% 22
\BOOKMARK [2][-]{subsection.8.5}{\376\377\000C\000r\000e\000a\000t\000i\000n\000g\000\040\000a\000c\000c\000o\000u\000n\000t\000s\000\040\000f\000r\000o\000m\000\040\000t\000h\000e\000\040\000b\000r\000o\000s\000w\000e\000r}{section.8}% 23
\BOOKMARK [1][-]{section.9}{\376\377\000C\000o\000n\000c\000l\000u\000s\000i\000o\000n}{}% 24
\BOOKMARK [1][-]{section*.13}{\376\377\000R\000e\000f\000e\000r\000e\000n\000c\000e\000s}{}% 25
